TN:
SF:C:\Users\Usuario\Documents\dev\web3\fuzzing-practice\weth\src\WETH9.sol
DA:22,70
DA:23,8
DA:24,0
DA:25,0
DA:32,27
DA:33,0
DA:36,4
DA:39,2
DA:40,26
DA:41,14
DA:44,19
DA:45,17
DA:46,26
DA:47,30
DA:48,13
DA:51,11
DA:52,1
DA:55,6
DA:56,0
DA:57,0
DA:58,0
DA:61,2
DA:62,2
DA:65,0
DA:66,0
DA:68,0
DA:69,0
DA:70,0
DA:73,0
DA:74,0
DA:76,0
DA:78,0
end_of_record

SF:C:\Users\Usuario\Documents\dev\web3\fuzzing-practice\weth\test\LibAddressSet.sol
DA:4,0
DA:10,4
DA:11,20
DA:12,29
DA:13,20
DA:17,9
DA:18,6
DA:19,12
DA:20,26
DA:22,1
end_of_record

SF:C:\Users\Usuario\Documents\dev\web3\fuzzing-practice\weth\test\echidna\EchidnaWETH9Tester.sol
DA:7,34
DA:10,38
DA:11,43
DA:14,19
DA:16,2
DA:18,45
DA:22,36
DA:26,4
DA:37,70
DA:38,10
DA:43,42
DA:48,0
DA:54,22
DA:58,61
DA:59,9
DA:60,60
DA:61,9
DA:64,91
DA:65,4
DA:67,15
DA:70,9
DA:71,61
DA:72,9
DA:73,59
DA:74,3
DA:78,6
DA:80,6
DA:82,6
DA:84,6
DA:86,68
DA:88,17
DA:93,28
DA:95,10
DA:96,10
DA:97,8
DA:100,61
DA:101,9
DA:102,60
DA:103,7
DA:106,3
DA:107,90
DA:108,4
DA:110,15
DA:113,9
DA:114,61
DA:115,9
DA:116,59
DA:117,3
DA:121,6
DA:123,6
DA:125,6
DA:127,6
DA:129,68
DA:131,17
DA:135,31
DA:139,61
DA:140,9
DA:141,60
DA:142,7
DA:145,97
DA:146,4
DA:148,15
DA:150,9
DA:151,61
DA:152,9
DA:153,59
DA:154,3
DA:158,6
DA:160,6
DA:162,6
DA:164,6
DA:166,68
DA:168,17
DA:172,25
DA:174,64
DA:175,72
DA:178,61
DA:179,9
DA:180,60
DA:181,7
DA:184,97
DA:185,4
DA:187,15
DA:189,4
DA:190,61
DA:191,9
DA:192,59
DA:193,3
DA:197,6
DA:199,6
DA:201,6
DA:203,6
DA:205,70
DA:207,0
DA:213,5
DA:214,37
DA:215,4
DA:218,4
DA:219,25
end_of_record

