TN:
SF:C:\Users\Usuario\Documents\dev\web3\fuzzing-practice\weth\src\WETH9.sol
DA:22,75
DA:23,8
DA:24,0
DA:25,0
DA:32,27
DA:33,38
DA:36,4
DA:39,2
DA:40,26
DA:41,14
DA:44,19
DA:45,17
DA:46,26
DA:47,30
DA:48,13
DA:51,11
DA:52,1
DA:55,30
DA:56,29
DA:57,13
DA:58,1
DA:61,20
DA:62,8
DA:65,24
DA:66,17
DA:68,40
DA:69,0
DA:70,0
DA:73,27
DA:74,31
DA:76,18
DA:78,1
end_of_record

SF:C:\Users\Usuario\Documents\dev\web3\fuzzing-practice\weth\test\LibAddressSet.sol
DA:4,0
DA:10,4
DA:11,20
DA:12,29
DA:13,20
DA:17,9
DA:18,6
DA:19,12
DA:20,26
DA:22,1
end_of_record

SF:C:\Users\Usuario\Documents\dev\web3\fuzzing-practice\weth\test\echidna\EchidnaWETH9Tester.sol
DA:7,39
DA:10,21
DA:11,68
DA:14,19
DA:16,2
DA:18,45
DA:21,38
DA:22,36
DA:26,67
DA:30,8
DA:44,70
DA:45,10
DA:50,99
DA:55,0
DA:61,22
DA:65,61
DA:66,9
DA:67,60
DA:68,9
DA:71,91
DA:72,4
DA:74,15
DA:77,9
DA:78,61
DA:79,9
DA:80,59
DA:81,3
DA:85,6
DA:87,6
DA:89,6
DA:91,6
DA:93,68
DA:95,17
DA:97,11
DA:102,21
DA:104,10
DA:105,10
DA:106,8
DA:109,61
DA:110,9
DA:111,60
DA:112,7
DA:115,3
DA:116,90
DA:117,4
DA:119,15
DA:122,4
DA:123,61
DA:124,9
DA:125,59
DA:126,3
DA:130,6
DA:132,6
DA:134,6
DA:136,6
DA:138,68
DA:140,17
DA:142,10
DA:146,23
DA:150,61
DA:151,9
DA:152,60
DA:153,7
DA:156,97
DA:157,4
DA:159,15
DA:161,4
DA:162,61
DA:163,9
DA:164,59
DA:165,3
DA:169,6
DA:171,6
DA:173,6
DA:175,6
DA:177,68
DA:179,17
DA:181,10
DA:185,36
DA:187,64
DA:188,72
DA:191,61
DA:192,9
DA:193,60
DA:194,7
DA:197,97
DA:198,4
DA:200,4
DA:203,6
DA:205,66
DA:206,4
DA:208,15
DA:210,16
DA:211,61
DA:212,67
DA:213,3
DA:217,6
DA:219,6
DA:221,6
DA:223,68
DA:225,17
DA:227,11
DA:231,32
DA:233,8
DA:234,9
DA:237,61
DA:238,9
DA:239,60
DA:240,8
DA:243,93
DA:244,4
DA:247,8
DA:248,61
DA:249,9
DA:250,59
DA:251,3
DA:255,6
DA:257,6
DA:259,6
DA:261,6
DA:263,68
DA:265,17
DA:267,11
DA:269,64
DA:273,34
DA:275,7
DA:276,16
DA:279,61
DA:280,68
DA:281,9
DA:282,5
DA:283,55
DA:286,99
DA:287,4
DA:290,9
DA:291,61
DA:292,9
DA:293,60
DA:294,10
DA:295,55
DA:299,6
DA:301,6
DA:303,6
DA:305,6
DA:307,6
DA:309,68
DA:311,17
DA:313,11
DA:317,35
DA:319,58
DA:320,10
DA:321,8
DA:322,9
DA:323,16
DA:326,61
DA:327,9
DA:328,5
DA:329,55
DA:332,99
DA:333,4
DA:336,10
DA:337,61
DA:338,9
DA:339,60
DA:340,10
DA:341,55
DA:345,6
DA:347,6
DA:349,6
DA:351,6
DA:353,6
DA:355,68
DA:357,17
DA:359,11
DA:363,37
DA:365,6
DA:366,9
DA:367,16
DA:368,12
DA:371,61
DA:372,68
DA:373,9
DA:374,5
DA:375,55
DA:378,6
DA:379,93
DA:380,4
DA:383,67
DA:384,35
DA:386,4
DA:389,16
DA:390,61
DA:391,9
DA:392,60
DA:393,8
DA:394,55
DA:398,6
DA:400,6
DA:402,6
DA:404,6
DA:406,6
DA:408,68
DA:410,17
DA:412,11
DA:418,5
DA:419,37
DA:420,4
DA:423,5
DA:424,72
DA:426,15
DA:427,84
DA:431,4
DA:432,25
end_of_record

