TN:
SF:C:\Users\Usuario\Documents\dev\web3\fuzzing-practice\weth\src\WETH9.sol
DA:22,75
DA:23,8
DA:24,0
DA:25,0
DA:32,27
DA:33,38
DA:36,4
DA:39,2
DA:40,26
DA:41,14
DA:44,19
DA:45,17
DA:46,26
DA:47,30
DA:48,13
DA:51,11
DA:52,1
DA:55,30
DA:56,29
DA:57,13
DA:58,1
DA:61,20
DA:62,8
DA:65,8
DA:66,17
DA:68,14
DA:69,0
DA:70,0
DA:73,27
DA:74,31
DA:76,18
DA:78,1
end_of_record

SF:C:\Users\Usuario\Documents\dev\web3\fuzzing-practice\weth\test\LibAddressSet.sol
DA:4,0
DA:10,4
DA:11,20
DA:12,29
DA:13,20
DA:17,9
DA:18,6
DA:19,12
DA:20,26
DA:22,1
end_of_record

SF:C:\Users\Usuario\Documents\dev\web3\fuzzing-practice\weth\test\echidna\EchidnaWETH9Tester.sol
DA:7,39
DA:10,21
DA:11,68
DA:14,19
DA:16,2
DA:18,45
DA:21,38
DA:22,36
DA:26,51
DA:30,5
DA:41,70
DA:42,10
DA:47,61
DA:52,0
DA:58,22
DA:62,61
DA:63,9
DA:64,60
DA:65,9
DA:68,91
DA:69,4
DA:71,15
DA:74,9
DA:75,61
DA:76,9
DA:77,59
DA:78,3
DA:82,6
DA:84,6
DA:86,6
DA:88,6
DA:90,68
DA:92,17
DA:94,11
DA:99,21
DA:101,10
DA:102,10
DA:103,8
DA:106,61
DA:107,9
DA:108,60
DA:109,7
DA:112,3
DA:113,90
DA:114,4
DA:116,15
DA:119,4
DA:120,61
DA:121,9
DA:122,59
DA:123,3
DA:127,6
DA:129,6
DA:131,6
DA:133,6
DA:135,68
DA:137,17
DA:139,10
DA:143,23
DA:147,61
DA:148,9
DA:149,60
DA:150,7
DA:153,97
DA:154,4
DA:156,15
DA:158,4
DA:159,61
DA:160,9
DA:161,59
DA:162,3
DA:166,6
DA:168,6
DA:170,6
DA:172,6
DA:174,68
DA:176,17
DA:178,10
DA:182,36
DA:184,64
DA:185,72
DA:188,61
DA:189,9
DA:190,60
DA:191,7
DA:194,97
DA:195,4
DA:197,4
DA:200,6
DA:202,66
DA:203,4
DA:205,15
DA:207,16
DA:208,61
DA:209,67
DA:210,3
DA:214,6
DA:216,6
DA:218,6
DA:220,68
DA:222,17
DA:224,11
DA:228,32
DA:230,8
DA:231,9
DA:234,61
DA:235,9
DA:236,60
DA:237,8
DA:240,93
DA:241,4
DA:244,8
DA:245,61
DA:246,9
DA:247,59
DA:248,3
DA:252,6
DA:254,6
DA:256,6
DA:258,6
DA:260,68
DA:262,17
DA:264,11
DA:266,64
DA:270,35
DA:272,58
DA:273,10
DA:274,8
DA:275,9
DA:278,61
DA:279,9
DA:280,5
DA:281,55
DA:284,99
DA:285,4
DA:288,10
DA:289,61
DA:290,9
DA:291,60
DA:292,10
DA:293,55
DA:297,6
DA:299,6
DA:301,9
DA:317,5
DA:318,37
DA:319,4
DA:322,5
DA:323,72
DA:325,15
DA:326,84
DA:330,4
DA:331,25
end_of_record

