TN:
SF:C:\Users\Usuario\Documents\dev\web3\fuzzing-practice\weth\src\WETH9.sol
DA:22,70
DA:23,8
DA:24,0
DA:25,0
DA:32,27
DA:33,0
DA:36,4
DA:39,2
DA:40,26
DA:41,14
DA:44,19
DA:45,17
DA:46,26
DA:47,30
DA:48,13
DA:51,11
DA:52,1
DA:55,6
DA:56,0
DA:57,0
DA:58,0
DA:61,2
DA:62,2
DA:65,0
DA:66,0
DA:68,0
DA:69,0
DA:70,0
DA:73,0
DA:74,0
DA:76,0
DA:78,0
end_of_record

SF:C:\Users\Usuario\Documents\dev\web3\fuzzing-practice\weth\test\LibAddressSet.sol
DA:4,0
DA:10,4
DA:11,20
DA:12,29
DA:13,20
DA:17,9
DA:18,6
DA:19,12
DA:20,26
DA:22,1
end_of_record

SF:C:\Users\Usuario\Documents\dev\web3\fuzzing-practice\weth\test\echidna\EchidnaWETH9Tester.sol
DA:7,39
DA:10,21
DA:11,43
DA:14,19
DA:16,2
DA:18,45
DA:21,38
DA:22,36
DA:26,41
DA:30,4
DA:41,70
DA:42,10
DA:47,42
DA:52,0
DA:58,22
DA:62,61
DA:63,9
DA:64,60
DA:65,9
DA:68,91
DA:69,4
DA:71,15
DA:74,9
DA:75,61
DA:76,9
DA:77,59
DA:78,3
DA:82,6
DA:84,6
DA:86,6
DA:88,6
DA:90,68
DA:92,17
DA:94,11
DA:99,21
DA:101,10
DA:102,10
DA:103,8
DA:106,61
DA:107,9
DA:108,60
DA:109,7
DA:112,3
DA:113,90
DA:114,4
DA:116,15
DA:119,4
DA:120,61
DA:121,9
DA:122,59
DA:123,3
DA:127,6
DA:129,6
DA:131,6
DA:133,6
DA:135,68
DA:137,16
DA:141,31
DA:145,61
DA:146,9
DA:147,60
DA:148,7
DA:151,97
DA:152,4
DA:154,15
DA:156,9
DA:157,61
DA:158,9
DA:159,59
DA:160,3
DA:164,6
DA:166,6
DA:168,6
DA:170,6
DA:172,68
DA:174,17
DA:178,36
DA:180,64
DA:181,72
DA:184,61
DA:185,9
DA:186,60
DA:187,7
DA:190,97
DA:191,4
DA:193,4
DA:196,6
DA:198,66
DA:199,4
DA:201,15
DA:203,16
DA:204,61
DA:205,67
DA:206,3
DA:210,6
DA:212,6
DA:214,6
DA:216,68
DA:218,17
DA:224,5
DA:225,37
DA:226,4
DA:229,5
DA:230,72
DA:232,15
DA:233,84
DA:237,4
DA:238,25
end_of_record

