TN:
SF:C:\Users\Usuario\Documents\dev\web3\fuzzing-practice\weth\src\WETH9.sol
DA:22,70
DA:23,8
DA:24,0
DA:25,0
DA:32,27
DA:33,0
DA:36,4
DA:39,2
DA:40,26
DA:41,14
DA:44,19
DA:45,17
DA:46,26
DA:47,30
DA:48,13
DA:51,11
DA:52,1
DA:55,6
DA:56,0
DA:57,0
DA:58,0
DA:61,2
DA:62,2
DA:65,0
DA:66,0
DA:68,0
DA:69,0
DA:70,0
DA:73,0
DA:74,0
DA:76,0
DA:78,0
end_of_record

SF:C:\Users\Usuario\Documents\dev\web3\fuzzing-practice\weth\test\LibAddressSet.sol
DA:4,0
DA:10,4
DA:11,20
DA:12,29
DA:13,20
DA:17,9
DA:18,6
DA:19,12
DA:20,26
DA:22,1
end_of_record

SF:C:\Users\Usuario\Documents\dev\web3\fuzzing-practice\weth\test\echidna\EchidnaWETH9Tester.sol
DA:7,39
DA:10,21
DA:11,43
DA:14,19
DA:16,2
DA:18,45
DA:21,38
DA:22,36
DA:26,41
DA:30,4
DA:41,70
DA:42,10
DA:47,42
DA:52,0
DA:58,22
DA:62,61
DA:63,9
DA:64,60
DA:65,9
DA:68,91
DA:69,4
DA:71,15
DA:74,9
DA:75,61
DA:76,9
DA:77,59
DA:78,3
DA:82,6
DA:84,6
DA:86,6
DA:88,6
DA:90,68
DA:92,17
DA:94,11
DA:99,21
DA:101,10
DA:102,10
DA:103,8
DA:106,61
DA:107,9
DA:108,60
DA:109,7
DA:112,3
DA:113,90
DA:114,4
DA:116,15
DA:119,4
DA:120,61
DA:121,9
DA:122,59
DA:123,3
DA:127,6
DA:129,6
DA:131,6
DA:133,6
DA:135,68
DA:137,17
DA:139,10
DA:143,31
DA:147,61
DA:148,9
DA:149,60
DA:150,7
DA:153,97
DA:154,4
DA:156,15
DA:158,9
DA:159,61
DA:160,9
DA:161,59
DA:162,3
DA:166,6
DA:168,6
DA:170,6
DA:172,6
DA:174,68
DA:176,17
DA:178,11
DA:182,36
DA:184,64
DA:185,72
DA:188,61
DA:189,9
DA:190,60
DA:191,7
DA:194,97
DA:195,4
DA:197,4
DA:200,6
DA:202,66
DA:203,4
DA:205,15
DA:207,16
DA:208,61
DA:209,67
DA:210,3
DA:214,6
DA:216,6
DA:218,6
DA:220,68
DA:222,17
DA:224,11
DA:230,5
DA:231,37
DA:232,4
DA:235,5
DA:236,72
DA:238,15
DA:239,84
DA:243,4
DA:244,25
end_of_record

