TN:
SF:C:\Users\Usuario\Documents\dev\web3\fuzzing-practice\weth\src\WETH9.sol
DA:22,75
DA:23,8
DA:24,0
DA:25,0
DA:32,27
DA:33,38
DA:36,4
DA:39,2
DA:40,26
DA:41,14
DA:44,19
DA:45,17
DA:46,26
DA:47,30
DA:48,13
DA:51,11
DA:52,1
DA:55,30
DA:56,29
DA:57,13
DA:58,1
DA:61,20
DA:62,8
DA:65,24
DA:66,17
DA:68,40
DA:69,29
DA:70,38
DA:73,27
DA:74,31
DA:76,18
DA:78,1
end_of_record

SF:C:\Users\Usuario\Documents\dev\web3\fuzzing-practice\weth\test\LibAddressSet.sol
DA:4,0
DA:10,4
DA:11,20
DA:12,29
DA:13,20
DA:17,9
DA:18,6
DA:19,12
DA:20,26
DA:22,1
end_of_record

SF:C:\Users\Usuario\Documents\dev\web3\fuzzing-practice\weth\test\echidna\EchidnaWETH9Tester.sol
DA:7,39
DA:10,21
DA:11,68
DA:14,19
DA:16,2
DA:18,45
DA:21,38
DA:22,36
DA:26,0
DA:27,0
DA:28,0
DA:32,81
DA:36,9
DA:51,70
DA:52,10
DA:57,118
DA:62,0
DA:67,25
DA:68,10
DA:69,9
DA:70,19
DA:71,28
DA:75,22
DA:79,61
DA:80,9
DA:81,60
DA:82,9
DA:85,91
DA:86,4
DA:88,15
DA:91,9
DA:92,61
DA:93,9
DA:94,59
DA:95,3
DA:99,6
DA:101,6
DA:103,6
DA:105,6
DA:107,68
DA:109,25
DA:111,22
DA:116,21
DA:118,10
DA:119,10
DA:120,8
DA:123,61
DA:124,9
DA:125,60
DA:126,7
DA:129,3
DA:130,90
DA:131,4
DA:133,15
DA:136,4
DA:137,61
DA:138,9
DA:139,59
DA:140,3
DA:144,6
DA:146,6
DA:148,6
DA:150,6
DA:152,68
DA:154,20
DA:156,10
DA:160,23
DA:164,61
DA:165,9
DA:166,60
DA:167,7
DA:170,97
DA:171,4
DA:173,15
DA:175,4
DA:176,61
DA:177,9
DA:178,59
DA:179,3
DA:183,6
DA:185,6
DA:187,6
DA:189,6
DA:191,68
DA:193,20
DA:195,10
DA:199,34
DA:201,64
DA:202,72
DA:205,61
DA:206,9
DA:207,60
DA:208,7
DA:211,97
DA:212,4
DA:214,4
DA:217,6
DA:219,66
DA:220,4
DA:222,15
DA:224,16
DA:225,61
DA:226,67
DA:227,3
DA:231,6
DA:233,6
DA:235,6
DA:237,68
DA:239,20
DA:241,11
DA:245,32
DA:247,8
DA:248,9
DA:251,61
DA:252,9
DA:253,60
DA:254,8
DA:257,93
DA:258,4
DA:261,8
DA:262,61
DA:263,9
DA:264,59
DA:265,3
DA:269,6
DA:271,6
DA:273,6
DA:275,6
DA:277,68
DA:279,20
DA:281,11
DA:283,64
DA:287,23
DA:289,7
DA:290,16
DA:293,61
DA:294,68
DA:295,9
DA:296,5
DA:297,55
DA:300,99
DA:301,4
DA:304,4
DA:305,61
DA:306,9
DA:307,60
DA:308,10
DA:309,55
DA:313,6
DA:315,6
DA:317,6
DA:319,6
DA:321,6
DA:323,68
DA:325,20
DA:327,10
DA:331,35
DA:333,58
DA:334,10
DA:335,8
DA:336,9
DA:337,16
DA:340,61
DA:341,9
DA:342,5
DA:343,55
DA:346,99
DA:347,4
DA:350,10
DA:351,61
DA:352,9
DA:353,60
DA:354,10
DA:355,55
DA:359,6
DA:361,6
DA:363,6
DA:365,6
DA:367,6
DA:369,68
DA:371,20
DA:373,11
DA:377,37
DA:379,6
DA:380,9
DA:381,16
DA:382,12
DA:385,61
DA:386,68
DA:387,9
DA:388,5
DA:389,55
DA:392,6
DA:393,93
DA:394,4
DA:397,67
DA:398,35
DA:400,4
DA:403,16
DA:404,61
DA:405,9
DA:406,60
DA:407,8
DA:408,55
DA:412,6
DA:414,6
DA:416,6
DA:418,6
DA:420,6
DA:422,68
DA:424,20
DA:426,11
DA:430,27
DA:432,2
DA:433,10
DA:435,6
DA:436,9
DA:437,16
DA:438,12
DA:441,61
DA:442,68
DA:443,9
DA:444,5
DA:445,55
DA:448,6
DA:449,102
DA:450,4
DA:452,66
DA:455,69
DA:456,34
DA:458,4
DA:461,12
DA:462,66
DA:463,8
DA:464,55
DA:465,68
DA:469,63
DA:471,9
DA:473,6
DA:475,6
DA:477,6
DA:479,68
DA:481,20
DA:483,11
DA:485,8
DA:491,1
DA:492,37
DA:493,3
DA:496,5
DA:497,72
DA:499,15
DA:500,84
DA:504,4
DA:505,25
end_of_record

