TN:
SF:C:\Users\Usuario\Documents\dev\web3\fuzzing-practice\weth\src\WETH9.sol
DA:22,70
DA:23,8
DA:24,0
DA:25,0
DA:32,27
DA:33,0
DA:36,4
DA:39,2
DA:40,26
DA:41,14
DA:44,19
DA:45,17
DA:46,26
DA:47,30
DA:48,13
DA:51,11
DA:52,1
DA:55,6
DA:56,0
DA:57,0
DA:58,0
DA:61,2
DA:62,2
DA:65,0
DA:66,0
DA:68,0
DA:69,0
DA:70,0
DA:73,0
DA:74,0
DA:76,0
DA:78,0
end_of_record

SF:C:\Users\Usuario\Documents\dev\web3\fuzzing-practice\weth\test\LibAddressSet.sol
DA:4,0
DA:10,4
DA:11,20
DA:12,29
DA:13,20
DA:17,9
DA:18,6
DA:19,12
DA:20,26
DA:22,1
end_of_record

SF:C:\Users\Usuario\Documents\dev\web3\fuzzing-practice\weth\test\echidna\EchidnaWETH9Tester.sol
DA:7,39
DA:10,21
DA:11,43
DA:14,19
DA:16,2
DA:18,45
DA:21,38
DA:22,36
DA:26,41
DA:30,3
DA:41,70
DA:42,10
DA:47,42
DA:52,0
DA:58,16
DA:62,61
DA:63,9
DA:64,60
DA:65,9
DA:68,91
DA:69,4
DA:71,15
DA:74,4
DA:75,61
DA:76,9
DA:77,59
DA:78,3
DA:82,6
DA:84,6
DA:86,6
DA:88,6
DA:90,68
DA:92,16
DA:97,28
DA:99,10
DA:100,10
DA:101,8
DA:104,61
DA:105,9
DA:106,60
DA:107,7
DA:110,3
DA:111,90
DA:112,4
DA:114,15
DA:117,9
DA:118,61
DA:119,9
DA:120,59
DA:121,3
DA:125,6
DA:127,6
DA:129,6
DA:131,6
DA:133,68
DA:135,17
DA:139,31
DA:143,61
DA:144,9
DA:145,60
DA:146,7
DA:149,97
DA:150,4
DA:152,15
DA:154,9
DA:155,61
DA:156,9
DA:157,59
DA:158,3
DA:162,6
DA:164,6
DA:166,6
DA:168,6
DA:170,68
DA:172,17
DA:176,35
DA:178,64
DA:179,72
DA:182,61
DA:183,9
DA:184,60
DA:185,7
DA:188,97
DA:189,4
DA:191,66
DA:192,4
DA:194,15
DA:196,17
DA:197,61
DA:198,9
DA:199,59
DA:200,3
DA:204,6
DA:220,5
DA:221,37
DA:222,4
DA:225,4
DA:226,25
end_of_record

